-- Install configuration: ""
-- Up-to-date: /home/priyo/ur_ws/install/ur5_simulation/share/ur5_simulation/launch
-- Installing: /home/priyo/ur_ws/install/ur5_simulation/share/ur5_simulation/launch/camera_sim.launch.py
-- Up-to-date: /home/priyo/ur_ws/install/ur5_simulation/share/ur5_simulation/launch/spawn_ur5_camera.launch.py
-- Up-to-date: /home/priyo/ur_ws/install/ur5_simulation/share/ur5_simulation/launch/view_ur5_camera.launch.py
-- Up-to-date: /home/priyo/ur_ws/install/ur5_simulation/share/ur5_simulation/urdf
-- Up-to-date: /home/priyo/ur_ws/install/ur5_simulation/share/ur5_simulation/urdf/ur5_macro.xacro
-- Up-to-date: /home/priyo/ur_ws/install/ur5_simulation/share/ur5_simulation/urdf/ur5_camera.urdf.xacro
-- Up-to-date: /home/priyo/ur_ws/install/ur5_simulation/share/ur5_simulation/urdf/camera.xacro
-- Up-to-date: /home/priyo/ur_ws/install/ur5_simulation/share/ur5_simulation/urdf/ur5.ros2_control.xacro
-- Up-to-date: /home/priyo/ur_ws/install/ur5_simulation/share/ur5_simulation/config
-- Up-to-date: /home/priyo/ur_ws/install/ur5_simulation/share/ur5_simulation/config/initial_positions.yaml
-- Up-to-date: /home/priyo/ur_ws/install/ur5_simulation/share/ur5_simulation/config/ur5_controllers.yaml
-- Up-to-date: /home/priyo/ur_ws/install/ur5_simulation/share/ur5_simulation/meshes
-- Up-to-date: /home/priyo/ur_ws/install/ur5_simulation/share/ur5_simulation/meshes/sensors
-- Up-to-date: /home/priyo/ur_ws/install/ur5_simulation/share/ur5_simulation/meshes/sensors/camera
-- Up-to-date: /home/priyo/ur_ws/install/ur5_simulation/share/ur5_simulation/meshes/sensors/camera/kinetic.png
-- Up-to-date: /home/priyo/ur_ws/install/ur5_simulation/share/ur5_simulation/meshes/sensors/camera/kinetic.stl
-- Up-to-date: /home/priyo/ur_ws/install/ur5_simulation/share/ur5_simulation/meshes/sensors/camera/kinetic.dae
-- Up-to-date: /home/priyo/ur_ws/install/ur5_simulation/share/ur5_simulation/worlds
-- Up-to-date: /home/priyo/ur_ws/install/ur5_simulation/share/ur5_simulation/rviz
-- Up-to-date: /home/priyo/ur_ws/install/ur5_simulation/share/ament_index/resource_index/package_run_dependencies/ur5_simulation
-- Up-to-date: /home/priyo/ur_ws/install/ur5_simulation/share/ament_index/resource_index/parent_prefix_path/ur5_simulation
-- Up-to-date: /home/priyo/ur_ws/install/ur5_simulation/share/ur5_simulation/environment/ament_prefix_path.sh
-- Up-to-date: /home/priyo/ur_ws/install/ur5_simulation/share/ur5_simulation/environment/ament_prefix_path.dsv
-- Up-to-date: /home/priyo/ur_ws/install/ur5_simulation/share/ur5_simulation/environment/path.sh
-- Up-to-date: /home/priyo/ur_ws/install/ur5_simulation/share/ur5_simulation/environment/path.dsv
-- Up-to-date: /home/priyo/ur_ws/install/ur5_simulation/share/ur5_simulation/local_setup.bash
-- Up-to-date: /home/priyo/ur_ws/install/ur5_simulation/share/ur5_simulation/local_setup.sh
-- Up-to-date: /home/priyo/ur_ws/install/ur5_simulation/share/ur5_simulation/local_setup.zsh
-- Up-to-date: /home/priyo/ur_ws/install/ur5_simulation/share/ur5_simulation/local_setup.dsv
-- Installing: /home/priyo/ur_ws/install/ur5_simulation/share/ur5_simulation/package.dsv
-- Up-to-date: /home/priyo/ur_ws/install/ur5_simulation/share/ament_index/resource_index/packages/ur5_simulation
-- Up-to-date: /home/priyo/ur_ws/install/ur5_simulation/share/ur5_simulation/cmake/ur5_simulationConfig.cmake
-- Up-to-date: /home/priyo/ur_ws/install/ur5_simulation/share/ur5_simulation/cmake/ur5_simulationConfig-version.cmake
-- Up-to-date: /home/priyo/ur_ws/install/ur5_simulation/share/ur5_simulation/package.xml
