[0.006s] Invoking command in '/home/priyo/ur_ws/build/ur_simulation_gazebo': CMAKE_PREFIX_PATH=/home/priyo/ur_ws/install/ur_description:/home/priyo/ur_ws/install/ur_simulation_gazebo:/home/priyo/ur_ws/install/ur5_simulation:/opt/ros/humble /usr/bin/cmake --build /home/priyo/ur_ws/build/ur_simulation_gazebo -- -j24 -l24
[0.039s] Invoked command in '/home/priyo/ur_ws/build/ur_simulation_gazebo' returned '0': CMAKE_PREFIX_PATH=/home/priyo/ur_ws/install/ur_description:/home/priyo/ur_ws/install/ur_simulation_gazebo:/home/priyo/ur_ws/install/ur5_simulation:/opt/ros/humble /usr/bin/cmake --build /home/priyo/ur_ws/build/ur_simulation_gazebo -- -j24 -l24
[0.041s] Invoking command in '/home/priyo/ur_ws/build/ur_simulation_gazebo': CMAKE_PREFIX_PATH=/home/priyo/ur_ws/install/ur_description:/home/priyo/ur_ws/install/ur_simulation_gazebo:/home/priyo/ur_ws/install/ur5_simulation:/opt/ros/humble /usr/bin/cmake --install /home/priyo/ur_ws/build/ur_simulation_gazebo
[0.047s] -- Install configuration: ""
[0.047s] -- Up-to-date: /home/priyo/ur_ws/install/ur_simulation_gazebo/share/ur_simulation_gazebo/config
[0.047s] -- Up-to-date: /home/priyo/ur_ws/install/ur_simulation_gazebo/share/ur_simulation_gazebo/config/ur_controllers.yaml
[0.047s] -- Up-to-date: /home/priyo/ur_ws/install/ur_simulation_gazebo/share/ur_simulation_gazebo/launch
[0.047s] -- Up-to-date: /home/priyo/ur_ws/install/ur_simulation_gazebo/share/ur_simulation_gazebo/launch/ur_sim_moveit.launch.py
[0.047s] -- Up-to-date: /home/priyo/ur_ws/install/ur_simulation_gazebo/share/ur_simulation_gazebo/launch/ur_sim_control.launch.py
[0.047s] -- Up-to-date: /home/priyo/ur_ws/install/ur_simulation_gazebo/share/ament_index/resource_index/package_run_dependencies/ur_simulation_gazebo
[0.048s] -- Up-to-date: /home/priyo/ur_ws/install/ur_simulation_gazebo/share/ament_index/resource_index/parent_prefix_path/ur_simulation_gazebo
[0.048s] -- Up-to-date: /home/priyo/ur_ws/install/ur_simulation_gazebo/share/ur_simulation_gazebo/environment/ament_prefix_path.sh
[0.048s] -- Up-to-date: /home/priyo/ur_ws/install/ur_simulation_gazebo/share/ur_simulation_gazebo/environment/ament_prefix_path.dsv
[0.048s] -- Up-to-date: /home/priyo/ur_ws/install/ur_simulation_gazebo/share/ur_simulation_gazebo/environment/path.sh
[0.048s] -- Up-to-date: /home/priyo/ur_ws/install/ur_simulation_gazebo/share/ur_simulation_gazebo/environment/path.dsv
[0.048s] -- Up-to-date: /home/priyo/ur_ws/install/ur_simulation_gazebo/share/ur_simulation_gazebo/local_setup.bash
[0.048s] -- Up-to-date: /home/priyo/ur_ws/install/ur_simulation_gazebo/share/ur_simulation_gazebo/local_setup.sh
[0.048s] -- Up-to-date: /home/priyo/ur_ws/install/ur_simulation_gazebo/share/ur_simulation_gazebo/local_setup.zsh
[0.048s] -- Up-to-date: /home/priyo/ur_ws/install/ur_simulation_gazebo/share/ur_simulation_gazebo/local_setup.dsv
[0.048s] -- Installing: /home/priyo/ur_ws/install/ur_simulation_gazebo/share/ur_simulation_gazebo/package.dsv
[0.048s] -- Up-to-date: /home/priyo/ur_ws/install/ur_simulation_gazebo/share/ament_index/resource_index/packages/ur_simulation_gazebo
[0.048s] -- Up-to-date: /home/priyo/ur_ws/install/ur_simulation_gazebo/share/ur_simulation_gazebo/cmake/ur_simulation_gazeboConfig.cmake
[0.049s] -- Up-to-date: /home/priyo/ur_ws/install/ur_simulation_gazebo/share/ur_simulation_gazebo/cmake/ur_simulation_gazeboConfig-version.cmake
[0.049s] -- Up-to-date: /home/priyo/ur_ws/install/ur_simulation_gazebo/share/ur_simulation_gazebo/package.xml
[0.050s] Invoked command in '/home/priyo/ur_ws/build/ur_simulation_gazebo' returned '0': CMAKE_PREFIX_PATH=/home/priyo/ur_ws/install/ur_description:/home/priyo/ur_ws/install/ur_simulation_gazebo:/home/priyo/ur_ws/install/ur5_simulation:/opt/ros/humble /usr/bin/cmake --install /home/priyo/ur_ws/build/ur_simulation_gazebo
