[0.008s] Invoking command in '/home/priyo/ur_ws/build/ur_simulation_gazebo': CMAKE_PREFIX_PATH=/home/priyo/ur_ws/install/ur_description:/home/priyo/ur_ws/install/ur_simulation_gazebo:/home/priyo/ur_ws/install/ur5_simulation:/opt/ros/humble /usr/bin/cmake /home/priyo/ur_ws/src/Universal_Robots_ROS2_Gazebo_Simulation/ur_simulation_gazebo -DCMAKE_INSTALL_PREFIX=/home/priyo/ur_ws/install/ur_simulation_gazebo
[0.020s] -- Found ament_cmake: 1.3.12 (/opt/ros/humble/share/ament_cmake/cmake)
[0.108s] -- Override CMake install command with custom implementation using symlinks instead of copying resources
[0.113s] -- Found launch_testing_ament_cmake: 1.0.10 (/opt/ros/humble/share/launch_testing_ament_cmake/cmake)
[0.114s] -- Found python_cmake_module: 0.10.0 (/opt/ros/humble/share/python_cmake_module/cmake)
[0.133s] -- Using PYTHON_EXECUTABLE: /usr/bin/python3
[0.133s] -- Using PYTHON_INCLUDE_DIRS: /usr/include/python3.10
[0.133s] -- Using PYTHON_LIBRARIES: /usr/lib/x86_64-linux-gnu/libpython3.10.so
[0.134s] -- Found ament_cmake_pytest: 1.3.12 (/opt/ros/humble/share/ament_cmake_pytest/cmake)
[0.184s] -- Configuring done
[0.187s] -- Generating done
[0.187s] -- Build files have been written to: /home/priyo/ur_ws/build/ur_simulation_gazebo
[0.190s] Invoked command in '/home/priyo/ur_ws/build/ur_simulation_gazebo' returned '0': CMAKE_PREFIX_PATH=/home/priyo/ur_ws/install/ur_description:/home/priyo/ur_ws/install/ur_simulation_gazebo:/home/priyo/ur_ws/install/ur5_simulation:/opt/ros/humble /usr/bin/cmake /home/priyo/ur_ws/src/Universal_Robots_ROS2_Gazebo_Simulation/ur_simulation_gazebo -DCMAKE_INSTALL_PREFIX=/home/priyo/ur_ws/install/ur_simulation_gazebo
[0.191s] Invoking command in '/home/priyo/ur_ws/build/ur_simulation_gazebo': CMAKE_PREFIX_PATH=/home/priyo/ur_ws/install/ur_description:/home/priyo/ur_ws/install/ur_simulation_gazebo:/home/priyo/ur_ws/install/ur5_simulation:/opt/ros/humble /usr/bin/cmake --build /home/priyo/ur_ws/build/ur_simulation_gazebo -- -j24 -l24
[0.222s] Invoked command in '/home/priyo/ur_ws/build/ur_simulation_gazebo' returned '0': CMAKE_PREFIX_PATH=/home/priyo/ur_ws/install/ur_description:/home/priyo/ur_ws/install/ur_simulation_gazebo:/home/priyo/ur_ws/install/ur5_simulation:/opt/ros/humble /usr/bin/cmake --build /home/priyo/ur_ws/build/ur_simulation_gazebo -- -j24 -l24
[0.225s] Invoking command in '/home/priyo/ur_ws/build/ur_simulation_gazebo': CMAKE_PREFIX_PATH=/home/priyo/ur_ws/install/ur_description:/home/priyo/ur_ws/install/ur_simulation_gazebo:/home/priyo/ur_ws/install/ur5_simulation:/opt/ros/humble /usr/bin/cmake --install /home/priyo/ur_ws/build/ur_simulation_gazebo
[0.231s] -- Install configuration: ""
[0.231s] -- Execute custom install script
[0.232s] -- Up-to-date symlink: /home/priyo/ur_ws/install/ur_simulation_gazebo/share/ur_simulation_gazebo/config/ur_controllers.yaml
[0.232s] -- Up-to-date symlink: /home/priyo/ur_ws/install/ur_simulation_gazebo/share/ur_simulation_gazebo/launch/ur_sim_control.launch.py
[0.232s] -- Up-to-date symlink: /home/priyo/ur_ws/install/ur_simulation_gazebo/share/ur_simulation_gazebo/launch/ur_sim_moveit.launch.py
[0.232s] -- Up-to-date symlink: /home/priyo/ur_ws/install/ur_simulation_gazebo/share/ament_index/resource_index/package_run_dependencies/ur_simulation_gazebo
[0.232s] -- Up-to-date symlink: /home/priyo/ur_ws/install/ur_simulation_gazebo/share/ament_index/resource_index/parent_prefix_path/ur_simulation_gazebo
[0.232s] -- Up-to-date symlink: /home/priyo/ur_ws/install/ur_simulation_gazebo/share/ur_simulation_gazebo/environment/ament_prefix_path.sh
[0.232s] -- Up-to-date symlink: /home/priyo/ur_ws/install/ur_simulation_gazebo/share/ur_simulation_gazebo/environment/ament_prefix_path.dsv
[0.232s] -- Up-to-date symlink: /home/priyo/ur_ws/install/ur_simulation_gazebo/share/ur_simulation_gazebo/environment/path.sh
[0.232s] -- Up-to-date symlink: /home/priyo/ur_ws/install/ur_simulation_gazebo/share/ur_simulation_gazebo/environment/path.dsv
[0.232s] -- Up-to-date symlink: /home/priyo/ur_ws/install/ur_simulation_gazebo/share/ur_simulation_gazebo/local_setup.bash
[0.233s] -- Up-to-date symlink: /home/priyo/ur_ws/install/ur_simulation_gazebo/share/ur_simulation_gazebo/local_setup.sh
[0.233s] -- Up-to-date symlink: /home/priyo/ur_ws/install/ur_simulation_gazebo/share/ur_simulation_gazebo/local_setup.zsh
[0.233s] -- Up-to-date symlink: /home/priyo/ur_ws/install/ur_simulation_gazebo/share/ur_simulation_gazebo/local_setup.dsv
[0.233s] -- Symlinking: /home/priyo/ur_ws/install/ur_simulation_gazebo/share/ur_simulation_gazebo/package.dsv
[0.246s] -- Up-to-date symlink: /home/priyo/ur_ws/install/ur_simulation_gazebo/share/ament_index/resource_index/packages/ur_simulation_gazebo
[0.246s] -- Up-to-date symlink: /home/priyo/ur_ws/install/ur_simulation_gazebo/share/ur_simulation_gazebo/cmake/ur_simulation_gazeboConfig.cmake
[0.246s] -- Up-to-date symlink: /home/priyo/ur_ws/install/ur_simulation_gazebo/share/ur_simulation_gazebo/cmake/ur_simulation_gazeboConfig-version.cmake
[0.247s] -- Up-to-date symlink: /home/priyo/ur_ws/install/ur_simulation_gazebo/share/ur_simulation_gazebo/package.xml
[0.249s] Invoked command in '/home/priyo/ur_ws/build/ur_simulation_gazebo' returned '0': CMAKE_PREFIX_PATH=/home/priyo/ur_ws/install/ur_description:/home/priyo/ur_ws/install/ur_simulation_gazebo:/home/priyo/ur_ws/install/ur5_simulation:/opt/ros/humble /usr/bin/cmake --install /home/priyo/ur_ws/build/ur_simulation_gazebo
