[0.006s] Invoking command in '/home/priyo/ur_ws/build/ur5_simulation': CMAKE_PREFIX_PATH=${CMAKE_PREFIX_PATH}:/opt/ros/humble /usr/bin/cmake --build /home/priyo/ur_ws/build/ur5_simulation -- -j24 -l24
[0.041s] Invoked command in '/home/priyo/ur_ws/build/ur5_simulation' returned '0': CMAKE_PREFIX_PATH=${CMAKE_PREFIX_PATH}:/opt/ros/humble /usr/bin/cmake --build /home/priyo/ur_ws/build/ur5_simulation -- -j24 -l24
[0.042s] Invoking command in '/home/priyo/ur_ws/build/ur5_simulation': CMAKE_PREFIX_PATH=${CMAKE_PREFIX_PATH}:/opt/ros/humble /usr/bin/cmake --install /home/priyo/ur_ws/build/ur5_simulation
[0.051s] -- Install configuration: ""
[0.053s] -- Up-to-date: /home/priyo/ur_ws/install/ur5_simulation/share/ur5_simulation/launch
[0.053s] -- Up-to-date: /home/priyo/ur_ws/install/ur5_simulation/share/ur5_simulation/launch/view_ur5_camera.launch.py
[0.053s] -- Up-to-date: /home/priyo/ur_ws/install/ur5_simulation/share/ur5_simulation/urdf
[0.053s] -- Up-to-date: /home/priyo/ur_ws/install/ur5_simulation/share/ur5_simulation/urdf/ur5_macro.xacro
[0.054s] -- Up-to-date: /home/priyo/ur_ws/install/ur5_simulation/share/ur5_simulation/urdf/ur5_camera.urdf.xacro
[0.054s] -- Installing: /home/priyo/ur_ws/install/ur5_simulation/share/ur5_simulation/urdf/camera.xacro
[0.054s] -- Up-to-date: /home/priyo/ur_ws/install/ur5_simulation/share/ur5_simulation/urdf/ur5.ros2_control.xacro
[0.054s] -- Up-to-date: /home/priyo/ur_ws/install/ur5_simulation/share/ur5_simulation/config
[0.054s] -- Up-to-date: /home/priyo/ur_ws/install/ur5_simulation/share/ur5_simulation/config/initial_positions.yaml
[0.054s] -- Up-to-date: /home/priyo/ur_ws/install/ur5_simulation/share/ur5_simulation/config/ur5_controllers.yaml
[0.054s] -- Up-to-date: /home/priyo/ur_ws/install/ur5_simulation/share/ur5_simulation/meshes
[0.054s] -- Up-to-date: /home/priyo/ur_ws/install/ur5_simulation/share/ur5_simulation/meshes/sensors
[0.054s] -- Up-to-date: /home/priyo/ur_ws/install/ur5_simulation/share/ur5_simulation/meshes/sensors/camera
[0.054s] -- Up-to-date: /home/priyo/ur_ws/install/ur5_simulation/share/ur5_simulation/meshes/sensors/camera/kinetic.png
[0.054s] -- Up-to-date: /home/priyo/ur_ws/install/ur5_simulation/share/ur5_simulation/meshes/sensors/camera/kinetic.stl
[0.054s] -- Up-to-date: /home/priyo/ur_ws/install/ur5_simulation/share/ur5_simulation/meshes/sensors/camera/kinetic.dae
[0.054s] -- Up-to-date: /home/priyo/ur_ws/install/ur5_simulation/share/ur5_simulation/worlds
[0.054s] -- Up-to-date: /home/priyo/ur_ws/install/ur5_simulation/share/ur5_simulation/rviz
[0.054s] -- Up-to-date: /home/priyo/ur_ws/install/ur5_simulation/share/ament_index/resource_index/package_run_dependencies/ur5_simulation
[0.054s] -- Up-to-date: /home/priyo/ur_ws/install/ur5_simulation/share/ament_index/resource_index/parent_prefix_path/ur5_simulation
[0.054s] -- Up-to-date: /home/priyo/ur_ws/install/ur5_simulation/share/ur5_simulation/environment/ament_prefix_path.sh
[0.054s] -- Up-to-date: /home/priyo/ur_ws/install/ur5_simulation/share/ur5_simulation/environment/ament_prefix_path.dsv
[0.054s] -- Up-to-date: /home/priyo/ur_ws/install/ur5_simulation/share/ur5_simulation/environment/path.sh
[0.055s] -- Up-to-date: /home/priyo/ur_ws/install/ur5_simulation/share/ur5_simulation/environment/path.dsv
[0.055s] -- Up-to-date: /home/priyo/ur_ws/install/ur5_simulation/share/ur5_simulation/local_setup.bash
[0.055s] -- Up-to-date: /home/priyo/ur_ws/install/ur5_simulation/share/ur5_simulation/local_setup.sh
[0.055s] -- Up-to-date: /home/priyo/ur_ws/install/ur5_simulation/share/ur5_simulation/local_setup.zsh
[0.057s] -- Up-to-date: /home/priyo/ur_ws/install/ur5_simulation/share/ur5_simulation/local_setup.dsv
[0.057s] -- Installing: /home/priyo/ur_ws/install/ur5_simulation/share/ur5_simulation/package.dsv
[0.057s] -- Up-to-date: /home/priyo/ur_ws/install/ur5_simulation/share/ament_index/resource_index/packages/ur5_simulation
[0.057s] -- Up-to-date: /home/priyo/ur_ws/install/ur5_simulation/share/ur5_simulation/cmake/ur5_simulationConfig.cmake
[0.057s] -- Up-to-date: /home/priyo/ur_ws/install/ur5_simulation/share/ur5_simulation/cmake/ur5_simulationConfig-version.cmake
[0.057s] -- Up-to-date: /home/priyo/ur_ws/install/ur5_simulation/share/ur5_simulation/package.xml
[0.077s] Invoked command in '/home/priyo/ur_ws/build/ur5_simulation' returned '0': CMAKE_PREFIX_PATH=${CMAKE_PREFIX_PATH}:/opt/ros/humble /usr/bin/cmake --install /home/priyo/ur_ws/build/ur5_simulation
