-- Install configuration: ""
-- Execute custom install script
-- Up-to-date symlink: /home/priyo/ur_ws/install/ur5_simulation/share/ur5_simulation/launch/camera_sim.launch.py
-- Up-to-date symlink: /home/priyo/ur_ws/install/ur5_simulation/share/ur5_simulation/launch/spawn_ur5_camera.launch.py
-- Symlinking: /home/priyo/ur_ws/install/ur5_simulation/share/ur5_simulation/launch/spawn_ur5_camera_gripper.launch.py
-- Up-to-date symlink: /home/priyo/ur_ws/install/ur5_simulation/share/ur5_simulation/launch/view_ur5_camera.launch.py
-- Up-to-date symlink: /home/priyo/ur_ws/install/ur5_simulation/share/ur5_simulation/launch/view_ur5_camera_gripper.launch.py
-- Up-to-date symlink: /home/priyo/ur_ws/install/ur5_simulation/share/ur5_simulation/urdf/2f_85.ros2_control.xacro
-- Up-to-date symlink: /home/priyo/ur_ws/install/ur5_simulation/share/ur5_simulation/urdf/camera.xacro
-- Up-to-date symlink: /home/priyo/ur_ws/install/ur5_simulation/share/ur5_simulation/urdf/robotiq_85_macro.urdf.xacro
-- Up-to-date symlink: /home/priyo/ur_ws/install/ur5_simulation/share/ur5_simulation/urdf/ur5.ros2_control.xacro
-- Up-to-date symlink: /home/priyo/ur_ws/install/ur5_simulation/share/ur5_simulation/urdf/ur5_camera.urdf.xacro
-- Up-to-date symlink: /home/priyo/ur_ws/install/ur5_simulation/share/ur5_simulation/urdf/ur5_camera_gripper.urdf.xacro
-- Up-to-date symlink: /home/priyo/ur_ws/install/ur5_simulation/share/ur5_simulation/urdf/ur5_macro.xacro
-- Up-to-date symlink: /home/priyo/ur_ws/install/ur5_simulation/share/ur5_simulation/config/initial_positions.yaml
-- Up-to-date symlink: /home/priyo/ur_ws/install/ur5_simulation/share/ur5_simulation/config/ur5_controllers.yaml
-- Symlinking: /home/priyo/ur_ws/install/ur5_simulation/share/ur5_simulation/config/ur5_gripper_controllers.yaml
-- Up-to-date symlink: /home/priyo/ur_ws/install/ur5_simulation/share/ur5_simulation/meshes/sensors/camera/kinetic.dae
-- Up-to-date symlink: /home/priyo/ur_ws/install/ur5_simulation/share/ur5_simulation/meshes/sensors/camera/kinetic.png
-- Up-to-date symlink: /home/priyo/ur_ws/install/ur5_simulation/share/ur5_simulation/meshes/sensors/camera/kinetic.stl
-- Up-to-date symlink: /home/priyo/ur_ws/install/ur5_simulation/share/ur5_simulation/rviz/config_ur5.gripper.rviv.rviz
-- Up-to-date symlink: /home/priyo/ur_ws/install/ur5_simulation/share/ament_index/resource_index/package_run_dependencies/ur5_simulation
-- Up-to-date symlink: /home/priyo/ur_ws/install/ur5_simulation/share/ament_index/resource_index/parent_prefix_path/ur5_simulation
-- Up-to-date symlink: /home/priyo/ur_ws/install/ur5_simulation/share/ur5_simulation/environment/ament_prefix_path.sh
-- Up-to-date symlink: /home/priyo/ur_ws/install/ur5_simulation/share/ur5_simulation/environment/ament_prefix_path.dsv
-- Up-to-date symlink: /home/priyo/ur_ws/install/ur5_simulation/share/ur5_simulation/environment/path.sh
-- Up-to-date symlink: /home/priyo/ur_ws/install/ur5_simulation/share/ur5_simulation/environment/path.dsv
-- Up-to-date symlink: /home/priyo/ur_ws/install/ur5_simulation/share/ur5_simulation/local_setup.bash
-- Up-to-date symlink: /home/priyo/ur_ws/install/ur5_simulation/share/ur5_simulation/local_setup.sh
-- Up-to-date symlink: /home/priyo/ur_ws/install/ur5_simulation/share/ur5_simulation/local_setup.zsh
-- Up-to-date symlink: /home/priyo/ur_ws/install/ur5_simulation/share/ur5_simulation/local_setup.dsv
-- Symlinking: /home/priyo/ur_ws/install/ur5_simulation/share/ur5_simulation/package.dsv
-- Up-to-date symlink: /home/priyo/ur_ws/install/ur5_simulation/share/ament_index/resource_index/packages/ur5_simulation
-- Up-to-date symlink: /home/priyo/ur_ws/install/ur5_simulation/share/ur5_simulation/cmake/ur5_simulationConfig.cmake
-- Up-to-date symlink: /home/priyo/ur_ws/install/ur5_simulation/share/ur5_simulation/cmake/ur5_simulationConfig-version.cmake
-- Up-to-date symlink: /home/priyo/ur_ws/install/ur5_simulation/share/ur5_simulation/package.xml
