[0.013s] Invoking command in '/home/priyo/ur_ws/build/robotiq_controllers': CMAKE_PREFIX_PATH=${CMAKE_PREFIX_PATH}:/opt/ros/humble /usr/bin/cmake --build /home/priyo/ur_ws/build/robotiq_controllers -- -j24 -l24
[0.061s] [ 50%] [32mBuilding CXX object CMakeFiles/robotiq_controllers.dir/src/robotiq_activation_controller.cpp.o[0m
[1.832s] [100%] [32m[1mLinking CXX shared library librobotiq_controllers.so[0m
[2.023s] [100%] Built target robotiq_controllers
[2.031s] Invoked command in '/home/priyo/ur_ws/build/robotiq_controllers' returned '0': CMAKE_PREFIX_PATH=${CMAKE_PREFIX_PATH}:/opt/ros/humble /usr/bin/cmake --build /home/priyo/ur_ws/build/robotiq_controllers -- -j24 -l24
[2.033s] Invoking command in '/home/priyo/ur_ws/build/robotiq_controllers': CMAKE_PREFIX_PATH=${CMAKE_PREFIX_PATH}:/opt/ros/humble /usr/bin/cmake --install /home/priyo/ur_ws/build/robotiq_controllers
[2.042s] -- Install configuration: ""
[2.042s] -- Installing: /home/priyo/ur_ws/install/robotiq_controllers/share/robotiq_controllers/controller_plugins.xml
[2.043s] -- Installing: /home/priyo/ur_ws/install/robotiq_controllers/lib/librobotiq_controllers.so
[2.043s] -- Set runtime path of "/home/priyo/ur_ws/install/robotiq_controllers/lib/librobotiq_controllers.so" to ""
[2.043s] -- Installing: /home/priyo/ur_ws/install/robotiq_controllers/include
[2.044s] -- Installing: /home/priyo/ur_ws/install/robotiq_controllers/include/robotiq_controllers
[2.044s] -- Installing: /home/priyo/ur_ws/install/robotiq_controllers/include/robotiq_controllers/robotiq_activation_controller.hpp
[2.044s] -- Installing: /home/priyo/ur_ws/install/robotiq_controllers/share/robotiq_controllers/environment/library_path.sh
[2.044s] -- Installing: /home/priyo/ur_ws/install/robotiq_controllers/share/robotiq_controllers/environment/library_path.dsv
[2.044s] -- Installing: /home/priyo/ur_ws/install/robotiq_controllers/share/ament_index/resource_index/package_run_dependencies/robotiq_controllers
[2.044s] -- Installing: /home/priyo/ur_ws/install/robotiq_controllers/share/ament_index/resource_index/parent_prefix_path/robotiq_controllers
[2.044s] -- Installing: /home/priyo/ur_ws/install/robotiq_controllers/share/robotiq_controllers/environment/ament_prefix_path.sh
[2.044s] -- Installing: /home/priyo/ur_ws/install/robotiq_controllers/share/robotiq_controllers/environment/ament_prefix_path.dsv
[2.044s] -- Installing: /home/priyo/ur_ws/install/robotiq_controllers/share/robotiq_controllers/environment/path.sh
[2.044s] -- Installing: /home/priyo/ur_ws/install/robotiq_controllers/share/robotiq_controllers/environment/path.dsv
[2.044s] -- Installing: /home/priyo/ur_ws/install/robotiq_controllers/share/robotiq_controllers/local_setup.bash
[2.044s] -- Installing: /home/priyo/ur_ws/install/robotiq_controllers/share/robotiq_controllers/local_setup.sh
[2.045s] -- Installing: /home/priyo/ur_ws/install/robotiq_controllers/share/robotiq_controllers/local_setup.zsh
[2.045s] -- Installing: /home/priyo/ur_ws/install/robotiq_controllers/share/robotiq_controllers/local_setup.dsv
[2.045s] -- Installing: /home/priyo/ur_ws/install/robotiq_controllers/share/robotiq_controllers/package.dsv
[2.045s] -- Installing: /home/priyo/ur_ws/install/robotiq_controllers/share/ament_index/resource_index/packages/robotiq_controllers
[2.045s] -- Installing: /home/priyo/ur_ws/install/robotiq_controllers/share/ament_index/resource_index/controller_interface__pluginlib__plugin/robotiq_controllers
[2.045s] -- Installing: /home/priyo/ur_ws/install/robotiq_controllers/share/robotiq_controllers/cmake/export_robotiq_controllersExport.cmake
[2.045s] -- Installing: /home/priyo/ur_ws/install/robotiq_controllers/share/robotiq_controllers/cmake/export_robotiq_controllersExport-noconfig.cmake
[2.045s] -- Installing: /home/priyo/ur_ws/install/robotiq_controllers/share/robotiq_controllers/cmake/ament_cmake_export_include_directories-extras.cmake
[2.045s] -- Installing: /home/priyo/ur_ws/install/robotiq_controllers/share/robotiq_controllers/cmake/ament_cmake_export_libraries-extras.cmake
[2.045s] -- Installing: /home/priyo/ur_ws/install/robotiq_controllers/share/robotiq_controllers/cmake/ament_cmake_export_targets-extras.cmake
[2.045s] -- Installing: /home/priyo/ur_ws/install/robotiq_controllers/share/robotiq_controllers/cmake/ament_cmake_export_dependencies-extras.cmake
[2.045s] -- Installing: /home/priyo/ur_ws/install/robotiq_controllers/share/robotiq_controllers/cmake/robotiq_controllersConfig.cmake
[2.045s] -- Installing: /home/priyo/ur_ws/install/robotiq_controllers/share/robotiq_controllers/cmake/robotiq_controllersConfig-version.cmake
[2.045s] -- Installing: /home/priyo/ur_ws/install/robotiq_controllers/share/robotiq_controllers/package.xml
[2.046s] Invoked command in '/home/priyo/ur_ws/build/robotiq_controllers' returned '0': CMAKE_PREFIX_PATH=${CMAKE_PREFIX_PATH}:/opt/ros/humble /usr/bin/cmake --install /home/priyo/ur_ws/build/robotiq_controllers
