[0.022s] Invoking command in '/home/priyo/ur_ws/build/robotiq_driver': CMAKE_PREFIX_PATH=${CMAKE_PREFIX_PATH}:/opt/ros/humble /usr/bin/cmake /home/priyo/ur_ws/src/ros2_robotiq_gripper/robotiq_driver -DCMAKE_INSTALL_PREFIX=/home/priyo/ur_ws/install/robotiq_driver
[0.130s] -- The CXX compiler identification is GNU 11.4.0
[0.142s] -- Detecting CXX compiler ABI info
[0.238s] -- Detecting CXX compiler ABI info - done
[0.245s] -- Check for working CXX compiler: /usr/bin/c++ - skipped
[0.245s] -- Detecting CXX compile features
[0.246s] -- Detecting CXX compile features - done
[0.254s] -- Found ament_cmake: 1.3.12 (/opt/ros/humble/share/ament_cmake/cmake)
[0.409s] -- Found Python3: /usr/bin/python3 (found version "3.10.12") found components: Interpreter 
[0.511s] -- Found hardware_interface: 2.52.0 (/opt/ros/humble/share/hardware_interface/cmake)
[0.570s] -- Found rosidl_generator_c: 3.1.7 (/opt/ros/humble/share/rosidl_generator_c/cmake)
[0.580s] -- Found rosidl_adapter: 3.1.7 (/opt/ros/humble/share/rosidl_adapter/cmake)
[0.593s] -- Found rosidl_generator_cpp: 3.1.7 (/opt/ros/humble/share/rosidl_generator_cpp/cmake)
[0.610s] -- Using all available rosidl_typesupport_c: rosidl_typesupport_fastrtps_c;rosidl_typesupport_introspection_c
[0.630s] -- Using all available rosidl_typesupport_cpp: rosidl_typesupport_fastrtps_cpp;rosidl_typesupport_introspection_cpp
[0.845s] -- Found rmw_implementation_cmake: 6.1.2 (/opt/ros/humble/share/rmw_implementation_cmake/cmake)
[0.848s] -- Found rmw_fastrtps_cpp: 6.2.8 (/opt/ros/humble/share/rmw_fastrtps_cpp/cmake)
[0.876s] -- Found TinyXML2 via Config file: TinyXML2_DIR-NOTFOUND
[0.987s] -- Found OpenSSL: /usr/lib/x86_64-linux-gnu/libcrypto.so (found version "3.0.2")  
[0.993s] -- Found TinyXML2 via Config file: TinyXML2_DIR-NOTFOUND
[1.008s] -- Found FastRTPS: /opt/ros/humble/include  
[1.010s] -- Found TinyXML2 via Config file: TinyXML2_DIR-NOTFOUND
[1.018s] -- Found TinyXML2 via Config file: TinyXML2_DIR-NOTFOUND
[1.028s] -- Using RMW implementation 'rmw_fastrtps_cpp' as default
[1.037s] -- Looking for C++ include pthread.h
[1.122s] -- Looking for C++ include pthread.h - found
[1.122s] -- Performing Test CMAKE_HAVE_LIBC_PTHREAD
[1.208s] -- Performing Test CMAKE_HAVE_LIBC_PTHREAD - Success
[1.210s] -- Found Threads: TRUE  
[1.261s] -- Configuring incomplete, errors occurred!
[1.261s] See also "/home/priyo/ur_ws/build/robotiq_driver/CMakeFiles/CMakeOutput.log".
[1.261s] [31mCMake Error at CMakeLists.txt:18 (find_package):
[1.262s]   By not providing "Findserial.cmake" in CMAKE_MODULE_PATH this project has
[1.262s]   asked CMake to find a package configuration file provided by "serial", but
[1.262s]   CMake did not find one.
[1.262s] 
[1.262s]   Could not find a package configuration file provided by "serial" with any
[1.262s]   of the following names:
[1.262s] 
[1.262s]     serialConfig.cmake
[1.262s]     serial-config.cmake
[1.262s] 
[1.262s]   Add the installation prefix of "serial" to CMAKE_PREFIX_PATH or set
[1.262s]   "serial_DIR" to a directory containing one of the above files.  If "serial"
[1.262s]   provides a separate development package or SDK, be sure it has been
[1.262s]   installed.
[1.262s] 
[1.262s] [0m
[1.269s] Invoked command in '/home/priyo/ur_ws/build/robotiq_driver' returned '1': CMAKE_PREFIX_PATH=${CMAKE_PREFIX_PATH}:/opt/ros/humble /usr/bin/cmake /home/priyo/ur_ws/src/ros2_robotiq_gripper/robotiq_driver -DCMAKE_INSTALL_PREFIX=/home/priyo/ur_ws/install/robotiq_driver
