[0.073s] Invoking command in '/home/priyo/ur_ws/build/ur5_simulation': CMAKE_PREFIX_PATH=${CMAKE_PREFIX_PATH}:/opt/ros/humble /usr/bin/cmake --build /home/priyo/ur_ws/build/ur5_simulation -- -j24 -l24
[0.309s] Invoked command in '/home/priyo/ur_ws/build/ur5_simulation' returned '0': CMAKE_PREFIX_PATH=${CMAKE_PREFIX_PATH}:/opt/ros/humble /usr/bin/cmake --build /home/priyo/ur_ws/build/ur5_simulation -- -j24 -l24
[0.320s] Invoking command in '/home/priyo/ur_ws/build/ur5_simulation': CMAKE_PREFIX_PATH=${CMAKE_PREFIX_PATH}:/opt/ros/humble /usr/bin/cmake --install /home/priyo/ur_ws/build/ur5_simulation
[0.446s] -- Install configuration: ""
[0.446s] -- Up-to-date: /home/priyo/ur_ws/install/ur5_simulation/share/ur5_simulation/launch
[0.447s] -- Installing: /home/priyo/ur_ws/install/ur5_simulation/share/ur5_simulation/launch/spawn_ur5_camera.launch.py
[0.447s] -- Up-to-date: /home/priyo/ur_ws/install/ur5_simulation/share/ur5_simulation/launch/view_ur5_camera.launch.py
[0.447s] -- Up-to-date: /home/priyo/ur_ws/install/ur5_simulation/share/ur5_simulation/urdf
[0.447s] -- Up-to-date: /home/priyo/ur_ws/install/ur5_simulation/share/ur5_simulation/urdf/ur5_macro.xacro
[0.448s] -- Up-to-date: /home/priyo/ur_ws/install/ur5_simulation/share/ur5_simulation/urdf/ur5_camera.urdf.xacro
[0.448s] -- Up-to-date: /home/priyo/ur_ws/install/ur5_simulation/share/ur5_simulation/urdf/camera.xacro
[0.448s] -- Up-to-date: /home/priyo/ur_ws/install/ur5_simulation/share/ur5_simulation/urdf/ur5.ros2_control.xacro
[0.449s] -- Up-to-date: /home/priyo/ur_ws/install/ur5_simulation/share/ur5_simulation/config
[0.449s] -- Up-to-date: /home/priyo/ur_ws/install/ur5_simulation/share/ur5_simulation/config/initial_positions.yaml
[0.449s] -- Up-to-date: /home/priyo/ur_ws/install/ur5_simulation/share/ur5_simulation/config/ur5_controllers.yaml
[0.450s] -- Up-to-date: /home/priyo/ur_ws/install/ur5_simulation/share/ur5_simulation/meshes
[0.452s] -- Up-to-date: /home/priyo/ur_ws/install/ur5_simulation/share/ur5_simulation/meshes/sensors
[0.452s] -- Up-to-date: /home/priyo/ur_ws/install/ur5_simulation/share/ur5_simulation/meshes/sensors/camera
[0.452s] -- Up-to-date: /home/priyo/ur_ws/install/ur5_simulation/share/ur5_simulation/meshes/sensors/camera/kinetic.png
[0.453s] -- Up-to-date: /home/priyo/ur_ws/install/ur5_simulation/share/ur5_simulation/meshes/sensors/camera/kinetic.stl
[0.453s] -- Up-to-date: /home/priyo/ur_ws/install/ur5_simulation/share/ur5_simulation/meshes/sensors/camera/kinetic.dae
[0.453s] -- Up-to-date: /home/priyo/ur_ws/install/ur5_simulation/share/ur5_simulation/worlds
[0.454s] -- Up-to-date: /home/priyo/ur_ws/install/ur5_simulation/share/ur5_simulation/rviz
[0.454s] -- Up-to-date: /home/priyo/ur_ws/install/ur5_simulation/share/ur5_simulation/rviz/config.rviz
[0.454s] -- Up-to-date: /home/priyo/ur_ws/install/ur5_simulation/share/ament_index/resource_index/package_run_dependencies/ur5_simulation
[0.459s] -- Up-to-date: /home/priyo/ur_ws/install/ur5_simulation/share/ament_index/resource_index/parent_prefix_path/ur5_simulation
[0.459s] -- Up-to-date: /home/priyo/ur_ws/install/ur5_simulation/share/ur5_simulation/environment/ament_prefix_path.sh
[0.460s] -- Up-to-date: /home/priyo/ur_ws/install/ur5_simulation/share/ur5_simulation/environment/ament_prefix_path.dsv
[0.460s] -- Up-to-date: /home/priyo/ur_ws/install/ur5_simulation/share/ur5_simulation/environment/path.sh
[0.460s] -- Up-to-date: /home/priyo/ur_ws/install/ur5_simulation/share/ur5_simulation/environment/path.dsv
[0.464s] -- Up-to-date: /home/priyo/ur_ws/install/ur5_simulation/share/ur5_simulation/local_setup.bash
[0.470s] -- Up-to-date: /home/priyo/ur_ws/install/ur5_simulation/share/ur5_simulation/local_setup.sh
[0.470s] -- Up-to-date: /home/priyo/ur_ws/install/ur5_simulation/share/ur5_simulation/local_setup.zsh
[0.471s] -- Up-to-date: /home/priyo/ur_ws/install/ur5_simulation/share/ur5_simulation/local_setup.dsv
[0.471s] -- Installing: /home/priyo/ur_ws/install/ur5_simulation/share/ur5_simulation/package.dsv
[0.471s] -- Up-to-date: /home/priyo/ur_ws/install/ur5_simulation/share/ament_index/resource_index/packages/ur5_simulation
[0.472s] -- Up-to-date: /home/priyo/ur_ws/install/ur5_simulation/share/ur5_simulation/cmake/ur5_simulationConfig.cmake
[0.473s] -- Up-to-date: /home/priyo/ur_ws/install/ur5_simulation/share/ur5_simulation/cmake/ur5_simulationConfig-version.cmake
[0.473s] -- Up-to-date: /home/priyo/ur_ws/install/ur5_simulation/share/ur5_simulation/package.xml
[0.474s] Invoked command in '/home/priyo/ur_ws/build/ur5_simulation' returned '0': CMAKE_PREFIX_PATH=${CMAKE_PREFIX_PATH}:/opt/ros/humble /usr/bin/cmake --install /home/priyo/ur_ws/build/ur5_simulation
