[0.015s] Invoking command in '/home/priyo/ur_ws/build/robotiq_description': CMAKE_PREFIX_PATH=${CMAKE_PREFIX_PATH}:/opt/ros/humble /usr/bin/cmake /home/priyo/ur_ws/src/ros2_robotiq_gripper/robotiq_description -DCMAKE_INSTALL_PREFIX=/home/priyo/ur_ws/install/robotiq_description
[0.100s] -- The C compiler identification is GNU 11.4.0
[0.161s] -- The CXX compiler identification is GNU 11.4.0
[0.170s] -- Detecting C compiler ABI info
[0.243s] -- Detecting C compiler ABI info - done
[0.254s] -- Check for working C compiler: /usr/bin/cc - skipped
[0.254s] -- Detecting C compile features
[0.255s] -- Detecting C compile features - done
[0.258s] -- Detecting CXX compiler ABI info
[0.336s] -- Detecting CXX compiler ABI info - done
[0.343s] -- Check for working CXX compiler: /usr/bin/c++ - skipped
[0.343s] -- Detecting CXX compile features
[0.343s] -- Detecting CXX compile features - done
[0.345s] -- Found ament_cmake: 1.3.12 (/opt/ros/humble/share/ament_cmake/cmake)
[0.479s] -- Found Python3: /usr/bin/python3 (found version "3.10.12") found components: Interpreter 
[0.608s] -- Configuring done
[0.609s] -- Generating done
[0.610s] -- Build files have been written to: /home/priyo/ur_ws/build/robotiq_description
[0.613s] Invoked command in '/home/priyo/ur_ws/build/robotiq_description' returned '0': CMAKE_PREFIX_PATH=${CMAKE_PREFIX_PATH}:/opt/ros/humble /usr/bin/cmake /home/priyo/ur_ws/src/ros2_robotiq_gripper/robotiq_description -DCMAKE_INSTALL_PREFIX=/home/priyo/ur_ws/install/robotiq_description
[0.615s] Invoking command in '/home/priyo/ur_ws/build/robotiq_description': CMAKE_PREFIX_PATH=${CMAKE_PREFIX_PATH}:/opt/ros/humble /usr/bin/cmake --build /home/priyo/ur_ws/build/robotiq_description -- -j24 -l24
[0.652s] Invoked command in '/home/priyo/ur_ws/build/robotiq_description' returned '0': CMAKE_PREFIX_PATH=${CMAKE_PREFIX_PATH}:/opt/ros/humble /usr/bin/cmake --build /home/priyo/ur_ws/build/robotiq_description -- -j24 -l24
[0.652s] Invoking command in '/home/priyo/ur_ws/build/robotiq_description': CMAKE_PREFIX_PATH=${CMAKE_PREFIX_PATH}:/opt/ros/humble /usr/bin/cmake --install /home/priyo/ur_ws/build/robotiq_description
[0.660s] -- Install configuration: ""
[0.660s] -- Installing: /home/priyo/ur_ws/install/robotiq_description/share/robotiq_description/config
[0.660s] -- Installing: /home/priyo/ur_ws/install/robotiq_description/share/robotiq_description/config/robotiq_controllers.yaml
[0.660s] -- Installing: /home/priyo/ur_ws/install/robotiq_description/share/robotiq_description/config/robotiq_hand_e_controllers.yaml
[0.660s] -- Installing: /home/priyo/ur_ws/install/robotiq_description/share/robotiq_description/launch
[0.661s] -- Installing: /home/priyo/ur_ws/install/robotiq_description/share/robotiq_description/launch/robotiq_control.launch.py
[0.661s] -- Installing: /home/priyo/ur_ws/install/robotiq_description/share/robotiq_description/launch/view_gripper.launch.py
[0.661s] -- Installing: /home/priyo/ur_ws/install/robotiq_description/share/robotiq_description/launch/hand-e_control.launch.xml
[0.661s] -- Installing: /home/priyo/ur_ws/install/robotiq_description/share/robotiq_description/launch/view_hand-e.launch.xml
[0.661s] -- Installing: /home/priyo/ur_ws/install/robotiq_description/share/robotiq_description/meshes
[0.661s] -- Installing: /home/priyo/ur_ws/install/robotiq_description/share/robotiq_description/meshes/collision
[0.661s] -- Installing: /home/priyo/ur_ws/install/robotiq_description/share/robotiq_description/meshes/collision/hande
[0.661s] -- Installing: /home/priyo/ur_ws/install/robotiq_description/share/robotiq_description/meshes/collision/hande/left_finger.stl
[0.661s] -- Installing: /home/priyo/ur_ws/install/robotiq_description/share/robotiq_description/meshes/collision/hande/hand-e.stl
[0.661s] -- Installing: /home/priyo/ur_ws/install/robotiq_description/share/robotiq_description/meshes/collision/hande/right_finger.stl
[0.661s] -- Installing: /home/priyo/ur_ws/install/robotiq_description/share/robotiq_description/meshes/collision/hande/hand-e_convex_hull.stl
[0.661s] -- Installing: /home/priyo/ur_ws/install/robotiq_description/share/robotiq_description/meshes/collision/2f_140
[0.661s] -- Installing: /home/priyo/ur_ws/install/robotiq_description/share/robotiq_description/meshes/collision/2f_140/robotiq_2f_140_outer_finger.stl
[0.662s] -- Installing: /home/priyo/ur_ws/install/robotiq_description/share/robotiq_description/meshes/collision/2f_140/robotiq_2f_140_inner_knuckle.stl
[0.662s] -- Installing: /home/priyo/ur_ws/install/robotiq_description/share/robotiq_description/meshes/collision/2f_140/robotiq_2f_140_outer_knuckle.stl
[0.662s] -- Installing: /home/priyo/ur_ws/install/robotiq_description/share/robotiq_description/meshes/collision/2f_140/robotiq_2f_140_inner_finger.stl
[0.662s] -- Installing: /home/priyo/ur_ws/install/robotiq_description/share/robotiq_description/meshes/collision/2f_140/robotiq_2f_140_base_link.stl
[0.662s] -- Installing: /home/priyo/ur_ws/install/robotiq_description/share/robotiq_description/meshes/collision/2f_140/robotiq_2f_140_coupling.stl
[0.662s] -- Installing: /home/priyo/ur_ws/install/robotiq_description/share/robotiq_description/meshes/collision/2f_85
[0.662s] -- Installing: /home/priyo/ur_ws/install/robotiq_description/share/robotiq_description/meshes/collision/2f_85/left_finger_tip.stl
[0.662s] -- Installing: /home/priyo/ur_ws/install/robotiq_description/share/robotiq_description/meshes/collision/2f_85/ur_to_robotiq_adapter.stl
[0.662s] -- Installing: /home/priyo/ur_ws/install/robotiq_description/share/robotiq_description/meshes/collision/2f_85/robotiq_base.stl
[0.662s] -- Installing: /home/priyo/ur_ws/install/robotiq_description/share/robotiq_description/meshes/collision/2f_85/right_knuckle.stl
[0.662s] -- Installing: /home/priyo/ur_ws/install/robotiq_description/share/robotiq_description/meshes/collision/2f_85/right_inner_knuckle.stl
[0.662s] -- Installing: /home/priyo/ur_ws/install/robotiq_description/share/robotiq_description/meshes/collision/2f_85/left_finger.stl
[0.662s] -- Installing: /home/priyo/ur_ws/install/robotiq_description/share/robotiq_description/meshes/collision/2f_85/right_finger_tip.stl
[0.662s] -- Installing: /home/priyo/ur_ws/install/robotiq_description/share/robotiq_description/meshes/collision/2f_85/left_knuckle.stl
[0.662s] -- Installing: /home/priyo/ur_ws/install/robotiq_description/share/robotiq_description/meshes/collision/2f_85/left_inner_knuckle.stl
[0.662s] -- Installing: /home/priyo/ur_ws/install/robotiq_description/share/robotiq_description/meshes/collision/2f_85/right_finger.stl
[0.662s] -- Installing: /home/priyo/ur_ws/install/robotiq_description/share/robotiq_description/meshes/visual
[0.662s] -- Installing: /home/priyo/ur_ws/install/robotiq_description/share/robotiq_description/meshes/visual/hande
[0.662s] -- Installing: /home/priyo/ur_ws/install/robotiq_description/share/robotiq_description/meshes/visual/hande/right_finger.dae
[0.662s] -- Installing: /home/priyo/ur_ws/install/robotiq_description/share/robotiq_description/meshes/visual/hande/left_finger.dae
[0.663s] -- Installing: /home/priyo/ur_ws/install/robotiq_description/share/robotiq_description/meshes/visual/hande/hand-e.dae
[0.663s] -- Installing: /home/priyo/ur_ws/install/robotiq_description/share/robotiq_description/meshes/visual/2f_140
[0.663s] -- Installing: /home/priyo/ur_ws/install/robotiq_description/share/robotiq_description/meshes/visual/2f_140/robotiq_2f_140_outer_finger.stl
[0.663s] -- Installing: /home/priyo/ur_ws/install/robotiq_description/share/robotiq_description/meshes/visual/2f_140/robotiq_2f_140_inner_knuckle.stl
[0.663s] -- Installing: /home/priyo/ur_ws/install/robotiq_description/share/robotiq_description/meshes/visual/2f_140/robotiq_2f_140_outer_knuckle.stl
[0.663s] -- Installing: /home/priyo/ur_ws/install/robotiq_description/share/robotiq_description/meshes/visual/2f_140/robotiq_2f_140_inner_finger.stl
[0.664s] -- Installing: /home/priyo/ur_ws/install/robotiq_description/share/robotiq_description/meshes/visual/2f_140/robotiq_2f_140_base_link.stl
[0.664s] -- Installing: /home/priyo/ur_ws/install/robotiq_description/share/robotiq_description/meshes/visual/2f_140/robotiq_2f_140_coupling.stl
[0.664s] -- Installing: /home/priyo/ur_ws/install/robotiq_description/share/robotiq_description/meshes/visual/2f_85
[0.664s] -- Installing: /home/priyo/ur_ws/install/robotiq_description/share/robotiq_description/meshes/visual/2f_85/right_finger.dae
[0.665s] -- Installing: /home/priyo/ur_ws/install/robotiq_description/share/robotiq_description/meshes/visual/2f_85/left_inner_knuckle.dae
[0.665s] -- Installing: /home/priyo/ur_ws/install/robotiq_description/share/robotiq_description/meshes/visual/2f_85/right_inner_knuckle.dae
[0.665s] -- Installing: /home/priyo/ur_ws/install/robotiq_description/share/robotiq_description/meshes/visual/2f_85/ur_to_robotiq_adapter.dae
[0.665s] -- Installing: /home/priyo/ur_ws/install/robotiq_description/share/robotiq_description/meshes/visual/2f_85/left_finger.dae
[0.665s] -- Installing: /home/priyo/ur_ws/install/robotiq_description/share/robotiq_description/meshes/visual/2f_85/right_knuckle.dae
[0.665s] -- Installing: /home/priyo/ur_ws/install/robotiq_description/share/robotiq_description/meshes/visual/2f_85/robotiq_base.dae
[0.667s] -- Installing: /home/priyo/ur_ws/install/robotiq_description/share/robotiq_description/meshes/visual/2f_85/left_knuckle.dae
[0.667s] -- Installing: /home/priyo/ur_ws/install/robotiq_description/share/robotiq_description/meshes/visual/2f_85/right_finger_tip.dae
[0.668s] -- Installing: /home/priyo/ur_ws/install/robotiq_description/share/robotiq_description/meshes/visual/2f_85/left_finger_tip.dae
[0.668s] -- Installing: /home/priyo/ur_ws/install/robotiq_description/share/robotiq_description/rviz
[0.668s] -- Installing: /home/priyo/ur_ws/install/robotiq_description/share/robotiq_description/rviz/view_urdf.rviz
[0.668s] -- Installing: /home/priyo/ur_ws/install/robotiq_description/share/robotiq_description/urdf
[0.668s] -- Installing: /home/priyo/ur_ws/install/robotiq_description/share/robotiq_description/urdf/robotiq_2f_140_macro.urdf.xacro
[0.668s] -- Installing: /home/priyo/ur_ws/install/robotiq_description/share/robotiq_description/urdf/2f_140.ros2_control.xacro
[0.668s] -- Installing: /home/priyo/ur_ws/install/robotiq_description/share/robotiq_description/urdf/robotiq_2f_140_gripper.urdf.xacro
[0.668s] -- Installing: /home/priyo/ur_ws/install/robotiq_description/share/robotiq_description/urdf/2f_85.ros2_control.xacro
[0.668s] -- Installing: /home/priyo/ur_ws/install/robotiq_description/share/robotiq_description/urdf/robotiq_hand_e_macro.urdf.xacro
[0.668s] -- Installing: /home/priyo/ur_ws/install/robotiq_description/share/robotiq_description/urdf/ur_to_robotiq_adapter.urdf.xacro
[0.668s] -- Installing: /home/priyo/ur_ws/install/robotiq_description/share/robotiq_description/urdf/robotiq_2f_85_gripper.urdf.xacro
[0.668s] -- Installing: /home/priyo/ur_ws/install/robotiq_description/share/robotiq_description/urdf/robotiq_2f_140.xacro
[0.669s] -- Installing: /home/priyo/ur_ws/install/robotiq_description/share/robotiq_description/urdf/hand_e.ros2_control.xacro
[0.669s] -- Installing: /home/priyo/ur_ws/install/robotiq_description/share/robotiq_description/urdf/robotiq_2f_85_macro.urdf.xacro
[0.669s] -- Installing: /home/priyo/ur_ws/install/robotiq_description/share/robotiq_description/urdf/robotiq_hand_e_gripper.urdf.xacro
[0.669s] -- Installing: /home/priyo/ur_ws/install/robotiq_description/share/ament_index/resource_index/package_run_dependencies/robotiq_description
[0.669s] -- Installing: /home/priyo/ur_ws/install/robotiq_description/share/ament_index/resource_index/parent_prefix_path/robotiq_description
[0.669s] -- Installing: /home/priyo/ur_ws/install/robotiq_description/share/robotiq_description/environment/ament_prefix_path.sh
[0.669s] -- Installing: /home/priyo/ur_ws/install/robotiq_description/share/robotiq_description/environment/ament_prefix_path.dsv
[0.669s] -- Installing: /home/priyo/ur_ws/install/robotiq_description/share/robotiq_description/environment/path.sh
[0.669s] -- Installing: /home/priyo/ur_ws/install/robotiq_description/share/robotiq_description/environment/path.dsv
[0.669s] -- Installing: /home/priyo/ur_ws/install/robotiq_description/share/robotiq_description/local_setup.bash
[0.669s] -- Installing: /home/priyo/ur_ws/install/robotiq_description/share/robotiq_description/local_setup.sh
[0.669s] -- Installing: /home/priyo/ur_ws/install/robotiq_description/share/robotiq_description/local_setup.zsh
[0.669s] -- Installing: /home/priyo/ur_ws/install/robotiq_description/share/robotiq_description/local_setup.dsv
[0.669s] -- Installing: /home/priyo/ur_ws/install/robotiq_description/share/robotiq_description/package.dsv
[0.670s] -- Installing: /home/priyo/ur_ws/install/robotiq_description/share/ament_index/resource_index/packages/robotiq_description
[0.670s] -- Installing: /home/priyo/ur_ws/install/robotiq_description/share/robotiq_description/cmake/robotiq_descriptionConfig.cmake
[0.670s] -- Installing: /home/priyo/ur_ws/install/robotiq_description/share/robotiq_description/cmake/robotiq_descriptionConfig-version.cmake
[0.670s] -- Installing: /home/priyo/ur_ws/install/robotiq_description/share/robotiq_description/package.xml
[0.671s] Invoked command in '/home/priyo/ur_ws/build/robotiq_description' returned '0': CMAKE_PREFIX_PATH=${CMAKE_PREFIX_PATH}:/opt/ros/humble /usr/bin/cmake --install /home/priyo/ur_ws/build/robotiq_description
