[0.005s] Invoking command in '/home/priyo/ur_ws/build/ur5_simulation': CMAKE_PREFIX_PATH=${CMAKE_PREFIX_PATH}:/opt/ros/humble /usr/bin/cmake /home/priyo/ur_ws/src/ur5_simulation -DCMAKE_INSTALL_PREFIX=/home/priyo/ur_ws/install/ur5_simulation
[0.051s] -- The C compiler identification is GNU 11.4.0
[0.087s] -- The CXX compiler identification is GNU 11.4.0
[0.091s] -- Detecting C compiler ABI info
[0.163s] -- Detecting C compiler ABI info - done
[0.172s] -- Check for working C compiler: /usr/bin/cc - skipped
[0.172s] -- Detecting C compile features
[0.172s] -- Detecting C compile features - done
[0.175s] -- Detecting CXX compiler ABI info
[0.294s] -- Detecting CXX compiler ABI info - done
[0.298s] -- Check for working CXX compiler: /usr/bin/c++ - skipped
[0.298s] -- Detecting CXX compile features
[0.298s] -- Detecting CXX compile features - done
[0.299s] -- Found ament_cmake: 1.3.12 (/opt/ros/humble/share/ament_cmake/cmake)
[0.413s] -- Found Python3: /usr/bin/python3 (found version "3.10.12") found components: Interpreter 
[0.470s] -- Found xacro: 2.1.1 (/opt/ros/humble/share/xacro/cmake)
[0.472s] -- Found rclpy: 3.3.17 (/opt/ros/humble/share/rclpy/cmake)
[0.474s] -- Found rclcpp: 16.0.15 (/opt/ros/humble/share/rclcpp/cmake)
[0.499s] -- Found rosidl_generator_c: 3.1.7 (/opt/ros/humble/share/rosidl_generator_c/cmake)
[0.502s] -- Found rosidl_adapter: 3.1.7 (/opt/ros/humble/share/rosidl_adapter/cmake)
[0.506s] -- Found rosidl_generator_cpp: 3.1.7 (/opt/ros/humble/share/rosidl_generator_cpp/cmake)
[0.512s] -- Using all available rosidl_typesupport_c: rosidl_typesupport_fastrtps_c;rosidl_typesupport_introspection_c
[0.519s] -- Using all available rosidl_typesupport_cpp: rosidl_typesupport_fastrtps_cpp;rosidl_typesupport_introspection_cpp
[0.541s] -- Found rmw_implementation_cmake: 6.1.2 (/opt/ros/humble/share/rmw_implementation_cmake/cmake)
[0.542s] -- Found rmw_fastrtps_cpp: 6.2.8 (/opt/ros/humble/share/rmw_fastrtps_cpp/cmake)
[0.617s] -- Found OpenSSL: /usr/lib/x86_64-linux-gnu/libcrypto.so (found version "3.0.2")  
[0.642s] -- Found FastRTPS: /opt/ros/humble/include  
[0.681s] -- Using RMW implementation 'rmw_fastrtps_cpp' as default
[0.693s] -- Looking for pthread.h
[0.799s] -- Looking for pthread.h - found
[0.800s] -- Performing Test CMAKE_HAVE_LIBC_PTHREAD
[0.898s] -- Performing Test CMAKE_HAVE_LIBC_PTHREAD - Success
[0.899s] -- Found Threads: TRUE  
[0.925s] -- Found trajectory_msgs: 4.9.0 (/opt/ros/humble/share/trajectory_msgs/cmake)
[0.940s] -- Found ament_lint_auto: 0.12.14 (/opt/ros/humble/share/ament_lint_auto/cmake)
[0.979s] -- Added test 'flake8' to check Python code syntax and style conventions
[0.979s] -- Added test 'lint_cmake' to check CMake code style
[0.979s] -- Added test 'pep257' to check Python code against some of the docstring style conventions in PEP 257
[0.980s] -- Added test 'xmllint' to check XML markup files
[0.980s] -- Configuring done
[0.982s] -- Generating done
[0.983s] -- Build files have been written to: /home/priyo/ur_ws/build/ur5_simulation
[0.988s] Invoked command in '/home/priyo/ur_ws/build/ur5_simulation' returned '0': CMAKE_PREFIX_PATH=${CMAKE_PREFIX_PATH}:/opt/ros/humble /usr/bin/cmake /home/priyo/ur_ws/src/ur5_simulation -DCMAKE_INSTALL_PREFIX=/home/priyo/ur_ws/install/ur5_simulation
[0.989s] Invoking command in '/home/priyo/ur_ws/build/ur5_simulation': CMAKE_PREFIX_PATH=${CMAKE_PREFIX_PATH}:/opt/ros/humble /usr/bin/cmake --build /home/priyo/ur_ws/build/ur5_simulation -- -j24 -l24
[1.024s] Invoked command in '/home/priyo/ur_ws/build/ur5_simulation' returned '0': CMAKE_PREFIX_PATH=${CMAKE_PREFIX_PATH}:/opt/ros/humble /usr/bin/cmake --build /home/priyo/ur_ws/build/ur5_simulation -- -j24 -l24
[1.027s] Invoking command in '/home/priyo/ur_ws/build/ur5_simulation': CMAKE_PREFIX_PATH=${CMAKE_PREFIX_PATH}:/opt/ros/humble /usr/bin/cmake --install /home/priyo/ur_ws/build/ur5_simulation
[1.043s] -- Install configuration: ""
[1.043s] -- Installing: /home/priyo/ur_ws/install/ur5_simulation/share/ament_index/resource_index/package_run_dependencies/ur5_simulation
[1.044s] -- Installing: /home/priyo/ur_ws/install/ur5_simulation/share/ament_index/resource_index/parent_prefix_path/ur5_simulation
[1.044s] -- Installing: /home/priyo/ur_ws/install/ur5_simulation/share/ur5_simulation/environment/ament_prefix_path.sh
[1.045s] -- Installing: /home/priyo/ur_ws/install/ur5_simulation/share/ur5_simulation/environment/ament_prefix_path.dsv
[1.045s] -- Installing: /home/priyo/ur_ws/install/ur5_simulation/share/ur5_simulation/environment/path.sh
[1.045s] -- Installing: /home/priyo/ur_ws/install/ur5_simulation/share/ur5_simulation/environment/path.dsv
[1.045s] -- Installing: /home/priyo/ur_ws/install/ur5_simulation/share/ur5_simulation/local_setup.bash
[1.045s] -- Installing: /home/priyo/ur_ws/install/ur5_simulation/share/ur5_simulation/local_setup.sh
[1.046s] -- Installing: /home/priyo/ur_ws/install/ur5_simulation/share/ur5_simulation/local_setup.zsh
[1.046s] -- Installing: /home/priyo/ur_ws/install/ur5_simulation/share/ur5_simulation/local_setup.dsv
[1.046s] -- Installing: /home/priyo/ur_ws/install/ur5_simulation/share/ur5_simulation/package.dsv
[1.046s] -- Installing: /home/priyo/ur_ws/install/ur5_simulation/share/ament_index/resource_index/packages/ur5_simulation
[1.046s] -- Installing: /home/priyo/ur_ws/install/ur5_simulation/share/ur5_simulation/cmake/ur5_simulationConfig.cmake
[1.047s] -- Installing: /home/priyo/ur_ws/install/ur5_simulation/share/ur5_simulation/cmake/ur5_simulationConfig-version.cmake
[1.047s] -- Installing: /home/priyo/ur_ws/install/ur5_simulation/share/ur5_simulation/package.xml
[1.050s] Invoked command in '/home/priyo/ur_ws/build/ur5_simulation' returned '0': CMAKE_PREFIX_PATH=${CMAKE_PREFIX_PATH}:/opt/ros/humble /usr/bin/cmake --install /home/priyo/ur_ws/build/ur5_simulation
