[0.006s] Invoking command in '/home/priyo/ur_ws/build/ur_simulation_gazebo': CMAKE_PREFIX_PATH=/home/priyo/ur_ws/install/ur_description:/home/priyo/install/ur_simulation_gazebo:/home/priyo/install/ur_description:/home/priyo/install/ur5_simulation:/home/priyo/install/cobot_description:/home/priyo/ur_ws/install/ur_simulation_gazebo:/home/priyo/ur_ws/install/ur5_simulation:/opt/ros/humble /usr/bin/cmake /home/priyo/ur_ws/src/Universal_Robots_ROS2_Gazebo_Simulation/ur_simulation_gazebo -DAMENT_CMAKE_SYMLINK_INSTALL=1 -DCMAKE_INSTALL_PREFIX=/home/priyo/ur_ws/install/ur_simulation_gazebo
[0.012s] -- Found ament_cmake: 1.3.12 (/opt/ros/humble/share/ament_cmake/cmake)
[0.089s] -- Override CMake install command with custom implementation using symlinks instead of copying resources
[0.093s] -- Found launch_testing_ament_cmake: 1.0.10 (/opt/ros/humble/share/launch_testing_ament_cmake/cmake)
[0.093s] -- Found python_cmake_module: 0.10.0 (/opt/ros/humble/share/python_cmake_module/cmake)
[0.107s] -- Using PYTHON_EXECUTABLE: /usr/bin/python3
[0.107s] -- Using PYTHON_INCLUDE_DIRS: /usr/include/python3.10
[0.107s] -- Using PYTHON_LIBRARIES: /usr/lib/x86_64-linux-gnu/libpython3.10.so
[0.108s] -- Found ament_cmake_pytest: 1.3.12 (/opt/ros/humble/share/ament_cmake_pytest/cmake)
[0.158s] -- Configuring done
[0.159s] -- Generating done
[0.160s] -- Build files have been written to: /home/priyo/ur_ws/build/ur_simulation_gazebo
[0.161s] Invoked command in '/home/priyo/ur_ws/build/ur_simulation_gazebo' returned '0': CMAKE_PREFIX_PATH=/home/priyo/ur_ws/install/ur_description:/home/priyo/install/ur_simulation_gazebo:/home/priyo/install/ur_description:/home/priyo/install/ur5_simulation:/home/priyo/install/cobot_description:/home/priyo/ur_ws/install/ur_simulation_gazebo:/home/priyo/ur_ws/install/ur5_simulation:/opt/ros/humble /usr/bin/cmake /home/priyo/ur_ws/src/Universal_Robots_ROS2_Gazebo_Simulation/ur_simulation_gazebo -DAMENT_CMAKE_SYMLINK_INSTALL=1 -DCMAKE_INSTALL_PREFIX=/home/priyo/ur_ws/install/ur_simulation_gazebo
[0.163s] Invoking command in '/home/priyo/ur_ws/build/ur_simulation_gazebo': CMAKE_PREFIX_PATH=/home/priyo/ur_ws/install/ur_description:/home/priyo/install/ur_simulation_gazebo:/home/priyo/install/ur_description:/home/priyo/install/ur5_simulation:/home/priyo/install/cobot_description:/home/priyo/ur_ws/install/ur_simulation_gazebo:/home/priyo/ur_ws/install/ur5_simulation:/opt/ros/humble /usr/bin/cmake --build /home/priyo/ur_ws/build/ur_simulation_gazebo -- -j24 -l24
[0.218s] Invoked command in '/home/priyo/ur_ws/build/ur_simulation_gazebo' returned '0': CMAKE_PREFIX_PATH=/home/priyo/ur_ws/install/ur_description:/home/priyo/install/ur_simulation_gazebo:/home/priyo/install/ur_description:/home/priyo/install/ur5_simulation:/home/priyo/install/cobot_description:/home/priyo/ur_ws/install/ur_simulation_gazebo:/home/priyo/ur_ws/install/ur5_simulation:/opt/ros/humble /usr/bin/cmake --build /home/priyo/ur_ws/build/ur_simulation_gazebo -- -j24 -l24
[0.223s] Invoking command in '/home/priyo/ur_ws/build/ur_simulation_gazebo': CMAKE_PREFIX_PATH=/home/priyo/ur_ws/install/ur_description:/home/priyo/install/ur_simulation_gazebo:/home/priyo/install/ur_description:/home/priyo/install/ur5_simulation:/home/priyo/install/cobot_description:/home/priyo/ur_ws/install/ur_simulation_gazebo:/home/priyo/ur_ws/install/ur5_simulation:/opt/ros/humble /usr/bin/cmake --install /home/priyo/ur_ws/build/ur_simulation_gazebo
[0.235s] -- Install configuration: ""
[0.236s] -- Execute custom install script
[0.237s] -- Up-to-date symlink: /home/priyo/ur_ws/install/ur_simulation_gazebo/share/ur_simulation_gazebo/config/ur_controllers.yaml
[0.238s] -- Up-to-date symlink: /home/priyo/ur_ws/install/ur_simulation_gazebo/share/ur_simulation_gazebo/launch/ur_sim_control.launch.py
[0.238s] -- Up-to-date symlink: /home/priyo/ur_ws/install/ur_simulation_gazebo/share/ur_simulation_gazebo/launch/ur_sim_moveit.launch.py
[0.239s] -- Up-to-date symlink: /home/priyo/ur_ws/install/ur_simulation_gazebo/share/ament_index/resource_index/package_run_dependencies/ur_simulation_gazebo
[0.239s] -- Up-to-date symlink: /home/priyo/ur_ws/install/ur_simulation_gazebo/share/ament_index/resource_index/parent_prefix_path/ur_simulation_gazebo
[0.239s] -- Up-to-date symlink: /home/priyo/ur_ws/install/ur_simulation_gazebo/share/ur_simulation_gazebo/environment/ament_prefix_path.sh
[0.240s] -- Up-to-date symlink: /home/priyo/ur_ws/install/ur_simulation_gazebo/share/ur_simulation_gazebo/environment/ament_prefix_path.dsv
[0.240s] -- Up-to-date symlink: /home/priyo/ur_ws/install/ur_simulation_gazebo/share/ur_simulation_gazebo/environment/path.sh
[0.240s] -- Up-to-date symlink: /home/priyo/ur_ws/install/ur_simulation_gazebo/share/ur_simulation_gazebo/environment/path.dsv
[0.240s] -- Up-to-date symlink: /home/priyo/ur_ws/install/ur_simulation_gazebo/share/ur_simulation_gazebo/local_setup.bash
[0.241s] -- Up-to-date symlink: /home/priyo/ur_ws/install/ur_simulation_gazebo/share/ur_simulation_gazebo/local_setup.sh
[0.241s] -- Up-to-date symlink: /home/priyo/ur_ws/install/ur_simulation_gazebo/share/ur_simulation_gazebo/local_setup.zsh
[0.241s] -- Up-to-date symlink: /home/priyo/ur_ws/install/ur_simulation_gazebo/share/ur_simulation_gazebo/local_setup.dsv
[0.241s] -- Symlinking: /home/priyo/ur_ws/install/ur_simulation_gazebo/share/ur_simulation_gazebo/package.dsv
[0.259s] -- Up-to-date symlink: /home/priyo/ur_ws/install/ur_simulation_gazebo/share/ament_index/resource_index/packages/ur_simulation_gazebo
[0.260s] -- Up-to-date symlink: /home/priyo/ur_ws/install/ur_simulation_gazebo/share/ur_simulation_gazebo/cmake/ur_simulation_gazeboConfig.cmake
[0.260s] -- Up-to-date symlink: /home/priyo/ur_ws/install/ur_simulation_gazebo/share/ur_simulation_gazebo/cmake/ur_simulation_gazeboConfig-version.cmake
[0.260s] -- Up-to-date symlink: /home/priyo/ur_ws/install/ur_simulation_gazebo/share/ur_simulation_gazebo/package.xml
[0.265s] Invoked command in '/home/priyo/ur_ws/build/ur_simulation_gazebo' returned '0': CMAKE_PREFIX_PATH=/home/priyo/ur_ws/install/ur_description:/home/priyo/install/ur_simulation_gazebo:/home/priyo/install/ur_description:/home/priyo/install/ur5_simulation:/home/priyo/install/cobot_description:/home/priyo/ur_ws/install/ur_simulation_gazebo:/home/priyo/ur_ws/install/ur5_simulation:/opt/ros/humble /usr/bin/cmake --install /home/priyo/ur_ws/build/ur_simulation_gazebo
